[2022-04-28T22:01:09.308] [DEBUG] cheese - login => username:zs,password:123456
[2022-04-28T22:03:58.988] [DEBUG] cheese - login => username:zs,password:123456
[2022-04-28T22:03:58.992] [DEBUG] cheese - zs
[2022-04-28T22:03:59.002] [DEBUG] cheese - null
[2022-04-28T22:03:59.003] [DEBUG] cheese - null
[2022-04-28T22:04:13.636] [DEBUG] cheese - login => username:admin,password:123456
[2022-04-28T22:04:13.636] [DEBUG] cheese - admin
[2022-04-28T22:04:13.644] [DEBUG] cheese - null
[2022-04-28T22:04:13.644] [DEBUG] cheese - null
[2022-04-28T23:27:49.735] [DEBUG] cheese - login => username:123,password:123123
[2022-04-28T23:27:49.736] [DEBUG] cheese - 123
[2022-04-28T23:27:49.740] [DEBUG] cheese - null
[2022-04-28T23:27:49.741] [DEBUG] cheese - null
[2022-04-28T23:29:04.037] [DEBUG] cheese - login => username:123123,password:123123
[2022-04-28T23:29:04.037] [DEBUG] cheese - 123123
[2022-04-28T23:29:04.039] [DEBUG] cheese - null
[2022-04-28T23:29:04.040] [DEBUG] cheese - null
[2022-04-28T23:30:54.733] [DEBUG] cheese - login => username:123123,password:123123
[2022-04-28T23:30:54.734] [DEBUG] cheese - 123123
[2022-04-28T23:30:54.736] [DEBUG] cheese - null
[2022-04-28T23:30:54.736] [DEBUG] cheese - null
[2022-04-28T23:32:06.122] [DEBUG] cheese - login => username:123123,password:123123213321
[2022-04-28T23:32:06.122] [DEBUG] cheese - 123123
[2022-04-28T23:32:06.124] [DEBUG] cheese - null
[2022-04-28T23:32:06.124] [DEBUG] cheese - null
[2022-04-28T23:32:31.708] [DEBUG] cheese - login => username:123123123,password:123123123
[2022-04-28T23:32:31.708] [DEBUG] cheese - 123123123
[2022-04-28T23:32:31.711] [DEBUG] cheese - null
[2022-04-28T23:32:31.711] [DEBUG] cheese - null
[2022-04-28T23:32:42.418] [DEBUG] cheese - login => username:3211123,password:123123123
[2022-04-28T23:32:42.418] [DEBUG] cheese - 3211123
[2022-04-28T23:32:42.421] [DEBUG] cheese - null
[2022-04-28T23:32:42.421] [DEBUG] cheese - null
[2022-04-28T23:33:58.858] [DEBUG] cheese - login => username:admin,password:123456
[2022-04-28T23:33:58.858] [DEBUG] cheese - admin
[2022-04-28T23:33:58.862] [DEBUG] cheese - null
[2022-04-28T23:33:58.863] [DEBUG] cheese - null
[2022-04-28T23:34:52.435] [DEBUG] cheese - login => username:admin,password:123456
[2022-04-28T23:34:52.435] [DEBUG] cheese - admin
[2022-04-28T23:34:52.438] [DEBUG] cheese - null
[2022-04-28T23:34:52.438] [DEBUG] cheese - null
[2022-04-28T23:34:53.127] [DEBUG] cheese - login => username:admin,password:123456
[2022-04-28T23:34:53.127] [DEBUG] cheese - admin
[2022-04-28T23:34:53.130] [DEBUG] cheese - null
[2022-04-28T23:34:53.130] [DEBUG] cheese - null
[2022-04-28T23:34:54.725] [DEBUG] cheese - login => username:admin,password:123456123
[2022-04-28T23:34:54.725] [DEBUG] cheese - admin
[2022-04-28T23:34:54.728] [DEBUG] cheese - null
[2022-04-28T23:34:54.728] [DEBUG] cheese - null
[2022-04-28T23:40:33.183] [DEBUG] cheese - login => username:123123,password:123123
[2022-04-28T23:40:33.183] [DEBUG] cheese - 123123
[2022-04-28T23:40:33.186] [DEBUG] cheese - null
[2022-04-28T23:40:33.186] [DEBUG] cheese - null
[2022-04-28T23:40:40.558] [DEBUG] cheese - login => username:admin,password:123456
[2022-04-28T23:40:40.558] [DEBUG] cheese - admin
[2022-04-28T23:40:40.561] [DEBUG] cheese - null
[2022-04-28T23:40:40.561] [DEBUG] cheese - null
[2022-04-28T23:41:12.229] [DEBUG] cheese - login => username:123123,password:123123123
[2022-04-28T23:41:12.229] [DEBUG] cheese - 123123
[2022-04-28T23:41:12.232] [DEBUG] cheese - null
[2022-04-28T23:41:12.232] [DEBUG] cheese - null
[2022-04-28T23:41:13.062] [DEBUG] cheese - login => username:123123,password:123123123
[2022-04-28T23:41:13.062] [DEBUG] cheese - 123123
[2022-04-28T23:41:13.065] [DEBUG] cheese - null
[2022-04-28T23:41:13.065] [DEBUG] cheese - null
[2022-04-28T23:41:31.399] [DEBUG] cheese - login => username:123123123,password:123123
[2022-04-28T23:41:31.399] [DEBUG] cheese - 123123123
[2022-04-28T23:41:31.402] [DEBUG] cheese - null
[2022-04-28T23:41:31.402] [DEBUG] cheese - null
[2022-04-28T23:44:08.077] [DEBUG] cheese - login => username:admin,password:123456
[2022-04-28T23:44:08.077] [DEBUG] cheese - admin
[2022-04-28T23:44:08.080] [DEBUG] cheese - null
[2022-04-28T23:44:08.080] [DEBUG] cheese - null
[2022-04-28T23:45:47.408] [DEBUG] cheese - login => username:admin,password:123456
[2022-04-28T23:45:47.408] [DEBUG] cheese - admin
[2022-04-28T23:45:47.412] [DEBUG] cheese - null
[2022-04-28T23:45:47.412] [DEBUG] cheese - null
[2022-04-28T23:46:57.227] [DEBUG] cheese - login => username:admin,password:123456
[2022-04-28T23:46:57.227] [DEBUG] cheese - admin
[2022-04-28T23:46:57.231] [DEBUG] cheese - null
[2022-04-28T23:46:57.231] [DEBUG] cheese - null
[2022-04-28T23:47:50.408] [DEBUG] cheese - login => username:admin,password:123456
[2022-04-28T23:47:50.408] [DEBUG] cheese - admin
[2022-04-28T23:47:50.411] [DEBUG] cheese - null
[2022-04-28T23:47:50.411] [DEBUG] cheese - null
[2022-04-28T23:47:55.946] [DEBUG] cheese - login => username:admin,password:123456123
[2022-04-28T23:47:55.946] [DEBUG] cheese - admin
[2022-04-28T23:47:55.949] [DEBUG] cheese - null
[2022-04-28T23:47:55.949] [DEBUG] cheese - null
[2022-04-28T23:48:03.017] [DEBUG] cheese - login => username:admin,password:123456
[2022-04-28T23:48:03.017] [DEBUG] cheese - admin
[2022-04-28T23:48:03.020] [DEBUG] cheese - null
[2022-04-28T23:48:03.020] [DEBUG] cheese - null
[2022-04-28T23:54:35.612] [DEBUG] cheese - login => username:admin,password:123456
[2022-04-28T23:54:35.612] [DEBUG] cheese - admin
[2022-04-28T23:54:35.616] [DEBUG] cheese - null
[2022-04-28T23:54:35.616] [DEBUG] cheese - null
[2022-04-28T23:56:50.963] [DEBUG] cheese - login => username:admin,password:123456
[2022-04-28T23:56:50.963] [DEBUG] cheese - admin
[2022-04-28T23:56:50.965] [DEBUG] cheese - null
[2022-04-28T23:56:50.965] [DEBUG] cheese - null
[2022-04-29T08:42:43.132] [DEBUG] cheese - login => username:admin,password:123456
[2022-04-29T08:42:43.134] [DEBUG] cheese - admin
[2022-04-29T08:42:43.158] [DEBUG] cheese - null
[2022-04-29T08:42:43.159] [DEBUG] cheese - null
[2022-04-29T18:36:54.902] [DEBUG] cheese - login => username:admin123,password:123456
[2022-04-29T18:36:54.905] [DEBUG] cheese - admin123
[2022-04-29T18:36:54.939] [DEBUG] cheese - null
[2022-04-29T18:36:54.940] [DEBUG] cheese - null
[2022-04-29T18:37:00.926] [DEBUG] cheese - login => username:admin,password:123456
[2022-04-29T18:37:00.927] [DEBUG] cheese - admin
[2022-04-29T18:37:00.940] [DEBUG] cheese - null
[2022-04-29T18:37:00.940] [DEBUG] cheese - null
[2022-04-29T18:53:09.040] [DEBUG] cheese - login => username:admin,password:123456
[2022-04-29T18:53:09.042] [DEBUG] cheese - admin
[2022-04-29T18:53:09.049] [DEBUG] cheese - null
[2022-04-29T18:53:09.049] [DEBUG] cheese - null
[2022-04-29T19:30:20.533] [DEBUG] cheese - login => username:admin,password:123456
[2022-04-29T19:30:20.533] [DEBUG] cheese - admin
[2022-04-29T19:30:20.536] [DEBUG] cheese - null
[2022-04-29T19:30:20.536] [DEBUG] cheese - null
[2022-04-30T19:14:04.483] [DEBUG] cheese - login => username:admin,password:123456
[2022-04-30T19:14:04.486] [DEBUG] cheese - admin
[2022-04-30T19:14:04.515] [DEBUG] cheese - null
[2022-04-30T19:14:04.516] [DEBUG] cheese - null
[2022-04-30T19:14:40.715] [DEBUG] cheese - login => username:admin,password:123456
[2022-04-30T19:14:40.715] [DEBUG] cheese - admin
[2022-04-30T19:14:40.724] [DEBUG] cheese - null
[2022-04-30T19:14:40.724] [DEBUG] cheese - null
[2022-04-30T19:23:03.709] [DEBUG] cheese - login => username:adm,password:123456123123
[2022-04-30T19:23:03.709] [DEBUG] cheese - adm
[2022-04-30T19:23:03.711] [DEBUG] cheese - null
[2022-04-30T19:23:03.711] [DEBUG] cheese - null
[2022-04-30T19:23:13.424] [DEBUG] cheese - login => username:admin,password:123456
[2022-04-30T19:23:13.424] [DEBUG] cheese - admin
[2022-04-30T19:23:13.427] [DEBUG] cheese - null
[2022-04-30T19:23:13.427] [DEBUG] cheese - null
[2022-04-30T20:33:24.696] [DEBUG] cheese - login => username:admin,password:123456
[2022-04-30T20:33:24.696] [DEBUG] cheese - admin
[2022-04-30T20:33:24.703] [DEBUG] cheese - null
[2022-04-30T20:33:24.703] [DEBUG] cheese - null
[2022-05-01T11:56:28.219] [DEBUG] cheese - login => username:admin,password:123456
[2022-05-01T11:56:28.221] [DEBUG] cheese - admin
[2022-05-01T11:56:28.242] [DEBUG] cheese - null
[2022-05-01T11:56:28.242] [DEBUG] cheese - null
[2022-05-01T14:16:37.964] [DEBUG] cheese - null
[2022-05-01T14:18:21.700] [DEBUG] cheese - null
[2022-05-01T14:18:47.043] [DEBUG] cheese - null
[2022-05-01T14:18:50.530] [DEBUG] cheese - null
[2022-05-01T14:21:01.149] [DEBUG] cheese - null
[2022-05-01T14:21:04.992] [DEBUG] cheese - null
[2022-05-01T14:21:10.322] [DEBUG] cheese - null
[2022-05-01T14:21:23.652] [DEBUG] cheese - null
[2022-05-01T21:13:20.159] [DEBUG] cheese - null
[2022-05-01T21:13:24.743] [DEBUG] cheese - null
[2022-05-02T13:15:21.760] [DEBUG] cheese - login => username:admin,password:123456
[2022-05-02T13:15:21.762] [DEBUG] cheese - admin
[2022-05-02T13:15:21.797] [DEBUG] cheese - null
[2022-05-02T13:15:21.798] [DEBUG] cheese - null
[2022-05-02T16:24:46.018] [DEBUG] cheese - login => username:admin,password:123456
[2022-05-02T16:24:46.020] [DEBUG] cheese - admin
[2022-05-02T16:24:46.023] [DEBUG] cheese - null
[2022-05-02T16:24:46.024] [DEBUG] cheese - null
[2022-05-02T20:23:38.971] [DEBUG] cheese - login => username:admin,password:123456
[2022-05-02T20:23:38.973] [DEBUG] cheese - admin
[2022-05-02T20:23:38.976] [DEBUG] cheese - null
[2022-05-02T20:23:38.977] [DEBUG] cheese - null
[2022-05-02T22:18:43.094] [DEBUG] cheese - null
[2022-05-02T22:19:29.271] [DEBUG] cheese - null
[2022-05-02T22:19:33.961] [DEBUG] cheese - null
[2022-05-02T23:04:01.245] [DEBUG] cheese - null
[2022-05-02T23:04:02.155] [DEBUG] cheese - null
[2022-05-02T23:04:02.718] [DEBUG] cheese - null
[2022-05-02T23:04:03.099] [DEBUG] cheese - null
[2022-05-02T23:04:03.378] [DEBUG] cheese - null
[2022-05-02T23:04:03.609] [DEBUG] cheese - null
[2022-05-02T23:04:03.842] [DEBUG] cheese - null
[2022-05-02T23:04:04.080] [DEBUG] cheese - null
[2022-05-02T23:04:04.603] [DEBUG] cheese - null
[2022-05-02T23:04:05.041] [DEBUG] cheese - null
[2022-05-02T23:04:33.877] [DEBUG] cheese - null
[2022-05-02T23:04:42.308] [DEBUG] cheese - null
[2022-05-02T23:06:33.974] [DEBUG] cheese - null
[2022-05-02T23:06:35.075] [DEBUG] cheese - null
[2022-05-02T23:06:48.120] [DEBUG] cheese - null
[2022-05-02T23:07:11.802] [DEBUG] cheese - null
[2022-05-02T23:07:16.047] [DEBUG] cheese - null
[2022-05-02T23:07:18.131] [DEBUG] cheese - null
[2022-05-02T23:07:46.426] [DEBUG] cheese - null
[2022-05-02T23:07:55.308] [DEBUG] cheese - null
[2022-05-02T23:08:01.376] [DEBUG] cheese - null
[2022-05-02T23:08:09.445] [DEBUG] cheese - null
[2022-05-03T12:44:50.882] [DEBUG] cheese - login => username:admin,password:123456
[2022-05-03T12:44:50.885] [DEBUG] cheese - admin
[2022-05-03T12:44:50.948] [DEBUG] cheese - null
[2022-05-03T12:44:50.949] [DEBUG] cheese - null
